<?xml version="1.0" encoding="UTF-8"?>
<!-- Generated by org.testng.reporters.JUnitReportReporter -->
<testsuite hostname="DESKTOP-NL8G54V" failures="0" tests="6" name="tests.ElementTest" time="65.622" errors="0" timestamp="2022-08-14T19:51:48 EDT" skipped="0">
  <testcase classname="tests.ElementTest" name="Add_10_remove_1" time="6.202"/>
  <system-out/>
  <testcase classname="tests.ElementTest" name="Add_1" time="1.092"/>
  <system-out/>
  <testcase classname="tests.ElementTest" name="Add_1_Remove_5" time="1.238"/>
  <system-out/>
  <testcase classname="tests.ElementTest" name="Add_100" time="55.799"/>
  <system-out/>
  <testcase classname="tests.ElementTest" name="Remove_1" time="0.081"/>
  <system-out/>
  <testcase classname="tests.ElementTest" name="Add_1_remove_1" time="1.210"/>
  <system-out/>
</testsuite> <!-- tests.ElementTest -->
