<?xml version="1.0" encoding="UTF-8"?>
<!-- Generated by org.testng.reporters.JUnitReportReporter -->
<testsuite hostname="DESKTOP-NL8G54V" failures="0" tests="1" name="tests.ConnectionTest" time="7.761" errors="0" timestamp="2022-08-14T19:51:48 EDT" skipped="0">
  <testcase classname="tests.ConnectionTest" name="TestingConnection" time="7.761"/>
  <system-out/>
</testsuite> <!-- tests.ConnectionTest -->
